14:57:23.379 --> in.biencaps.erp.api.utilities.SuiteListener - Test Started: verify_Login_Employee_By_Giving_Valid_Data

14:57:26.108 --> in.biencaps.erp.api.utilities.SuiteListener - Test Passed: verify_Login_Employee_By_Giving_Valid_Data

14:57:26.120 --> in.biencaps.erp.api.utilities.SuiteListener - Test Started: verify_Login_Employee_By_Giving_Invalid_LoginId

14:57:26.568 --> in.biencaps.erp.api.utilities.SuiteListener - Test Passed: verify_Login_Employee_By_Giving_Invalid_LoginId

14:57:26.573 --> in.biencaps.erp.api.utilities.SuiteListener - Test Started: verify_Login_Employee_By_Giving_Invalid_Password

14:57:27.883 --> in.biencaps.erp.api.utilities.SuiteListener - Test Passed: verify_Login_Employee_By_Giving_Invalid_Password

14:57:27.889 --> in.biencaps.erp.api.utilities.SuiteListener - Test Started: verify_Add_Priority_Without_Authorization

14:57:28.268 --> in.biencaps.erp.api.utilities.SuiteListener - Test Passed: verify_Add_Priority_Without_Authorization

14:57:28.271 --> in.biencaps.erp.api.utilities.SuiteListener - Test Started: verify_Get_All_Priority_Without_Authorization

14:57:28.658 --> in.biencaps.erp.api.utilities.SuiteListener - Test Passed: verify_Get_All_Priority_Without_Authorization

14:57:28.661 --> in.biencaps.erp.api.utilities.SuiteListener - Test Started: verify_Update_Priority_Without_Authorization

14:57:29.414 --> in.biencaps.erp.api.utilities.SuiteListener - Test Passed: verify_Update_Priority_Without_Authorization

14:57:29.417 --> in.biencaps.erp.api.utilities.SuiteListener - Test Started: verify_Delete_Single_Priority_Without_Authorization

14:57:29.813 --> in.biencaps.erp.api.utilities.SuiteListener - Test Passed: verify_Delete_Single_Priority_Without_Authorization

14:57:29.815 --> in.biencaps.erp.api.utilities.SuiteListener - Test Started: verify_Get_All_Priorities_With_Authorization

14:57:30.217 --> in.biencaps.erp.api.utilities.SuiteListener - Test Passed: verify_Get_All_Priorities_With_Authorization

14:57:30.220 --> in.biencaps.erp.api.utilities.SuiteListener - Test Started: verify_Add_Status_Without_Authorization

14:57:30.619 --> in.biencaps.erp.api.utilities.SuiteListener - Test Passed: verify_Add_Status_Without_Authorization

14:57:30.621 --> in.biencaps.erp.api.utilities.SuiteListener - Test Started: verify_Get_All_Status_Without_Authorization

14:57:31.019 --> in.biencaps.erp.api.utilities.SuiteListener - Test Passed: verify_Get_All_Status_Without_Authorization

14:57:31.022 --> in.biencaps.erp.api.utilities.SuiteListener - Test Started: verify_Update_Status_Without_Authorization

14:57:31.697 --> in.biencaps.erp.api.utilities.SuiteListener - Test Passed: verify_Update_Status_Without_Authorization

14:57:31.699 --> in.biencaps.erp.api.utilities.SuiteListener - Test Started: verify_Delete_Status_Without_Authorization

14:57:32.049 --> in.biencaps.erp.api.utilities.SuiteListener - Test Passed: verify_Delete_Status_Without_Authorization

14:57:32.052 --> in.biencaps.erp.api.utilities.SuiteListener - Test Started: verify_Get_All_Status_With_Authorization

14:57:32.485 --> in.biencaps.erp.api.utilities.SuiteListener - Test Passed: verify_Get_All_Status_With_Authorization

14:57:32.491 --> in.biencaps.erp.api.utilities.SuiteListener - Test Started: verify_Add_Designation_Without_Authorization

14:57:32.843 --> in.biencaps.erp.api.utilities.SuiteListener - Test Passed: verify_Add_Designation_Without_Authorization

14:57:32.846 --> in.biencaps.erp.api.utilities.SuiteListener - Test Started: verify_Get_All_Designation_By_Department_Without_Authorization

14:57:33.187 --> in.biencaps.erp.api.utilities.SuiteListener - Test Passed: verify_Get_All_Designation_By_Department_Without_Authorization

14:57:33.189 --> in.biencaps.erp.api.utilities.SuiteListener - Test Started: verify_Get_All_Designation_Without_Authorization

14:57:33.577 --> in.biencaps.erp.api.utilities.SuiteListener - Test Passed: verify_Get_All_Designation_Without_Authorization

14:57:33.579 --> in.biencaps.erp.api.utilities.SuiteListener - Test Started: verify_Update_Designation_Without_Authorization

14:57:34.818 --> in.biencaps.erp.api.utilities.SuiteListener - Test Passed: verify_Update_Designation_Without_Authorization

14:57:34.820 --> in.biencaps.erp.api.utilities.SuiteListener - Test Started: verify_Delete_Designation_Without_Authorization

14:57:35.323 --> in.biencaps.erp.api.utilities.SuiteListener - Test Passed: verify_Delete_Designation_Without_Authorization

14:57:35.325 --> in.biencaps.erp.api.utilities.SuiteListener - Test Started: verify_Get_All_Designation_With_Authorization

14:57:35.823 --> in.biencaps.erp.api.utilities.SuiteListener - Test Passed: verify_Get_All_Designation_With_Authorization

14:57:35.826 --> in.biencaps.erp.api.utilities.SuiteListener - Test Started: verify_Get_All_Designation_By_Department_With_Authorization

14:57:36.566 --> in.biencaps.erp.api.utilities.SuiteListener - Test Passed: verify_Get_All_Designation_By_Department_With_Authorization

14:57:36.569 --> in.biencaps.erp.api.utilities.SuiteListener - Test Started: verify_Get_All_Roles_Without_Authorization

14:57:36.935 --> in.biencaps.erp.api.utilities.SuiteListener - Test Passed: verify_Get_All_Roles_Without_Authorization

14:57:36.937 --> in.biencaps.erp.api.utilities.SuiteListener - Test Started: verify_Get_All_Roles_With_Authorization

14:57:37.325 --> in.biencaps.erp.api.utilities.SuiteListener - Test Passed: verify_Get_All_Roles_With_Authorization

14:57:37.329 --> in.biencaps.erp.api.utilities.SuiteListener - Test Started: verify_Add_Department_Without_Authorization

14:57:37.729 --> in.biencaps.erp.api.utilities.SuiteListener - Test Passed: verify_Add_Department_Without_Authorization

14:57:37.731 --> in.biencaps.erp.api.utilities.SuiteListener - Test Started: verify_Get_User_Id_Without_Authorization

14:57:38.024 --> in.biencaps.erp.api.utilities.SuiteListener - Test Passed: verify_Get_User_Id_Without_Authorization

14:57:38.026 --> in.biencaps.erp.api.utilities.SuiteListener - Test Started: verify_Get_All_Departments_Without_Authorization

14:57:38.402 --> in.biencaps.erp.api.utilities.SuiteListener - Test Passed: verify_Get_All_Departments_Without_Authorization

14:57:38.405 --> in.biencaps.erp.api.utilities.SuiteListener - Test Started: verify_Get_Employees_By_Department_Name_Without_Authorization

14:57:38.761 --> in.biencaps.erp.api.utilities.SuiteListener - Test Passed: verify_Get_Employees_By_Department_Name_Without_Authorization

14:57:38.763 --> in.biencaps.erp.api.utilities.SuiteListener - Test Started: verify_Get_All_Employees_By_Designation_Name_Without_Authorization

14:57:39.129 --> in.biencaps.erp.api.utilities.SuiteListener - Test Passed: verify_Get_All_Employees_By_Designation_Name_Without_Authorization

14:57:39.131 --> in.biencaps.erp.api.utilities.SuiteListener - Test Started: verify_Get_All_Assignee_Without_Authorization

14:57:39.485 --> in.biencaps.erp.api.utilities.SuiteListener - Test Passed: verify_Get_All_Assignee_Without_Authorization

14:57:39.486 --> in.biencaps.erp.api.utilities.SuiteListener - Test Started: verify_Get_Higher_Authority_Without_Authorization

14:57:39.856 --> in.biencaps.erp.api.utilities.SuiteListener - Test Passed: verify_Get_Higher_Authority_Without_Authorization

14:57:39.859 --> in.biencaps.erp.api.utilities.SuiteListener - Test Started: verify_Update_Department_Without_Authorization

14:57:40.576 --> in.biencaps.erp.api.utilities.SuiteListener - Test Passed: verify_Update_Department_Without_Authorization

14:57:40.579 --> in.biencaps.erp.api.utilities.SuiteListener - Test Started: verify_Delete_Department_Without_Authorization

14:57:40.924 --> in.biencaps.erp.api.utilities.SuiteListener - Test Passed: verify_Delete_Department_Without_Authorization

14:57:40.926 --> in.biencaps.erp.api.utilities.SuiteListener - Test Started: verify_Get_All_Departments_With_Authorization

14:57:41.316 --> in.biencaps.erp.api.utilities.SuiteListener - Test Passed: verify_Get_All_Departments_With_Authorization

14:57:41.319 --> in.biencaps.erp.api.utilities.SuiteListener - Test Started: verify_Get_User_Id_With_Authorization

14:57:44.197 --> in.biencaps.erp.api.utilities.SuiteListener - Test Passed: verify_Get_User_Id_With_Authorization

14:57:44.199 --> in.biencaps.erp.api.utilities.SuiteListener - Test Started: verify_Get_Employees_By_Department_Name_With_Authorization

14:57:44.996 --> in.biencaps.erp.api.utilities.SuiteListener - Test Passed: verify_Get_Employees_By_Department_Name_With_Authorization

14:57:44.998 --> in.biencaps.erp.api.utilities.SuiteListener - Test Started: verify_Get_Employees_By_Department_By_Giving_Invalid_Department

14:57:45.434 --> in.biencaps.erp.api.utilities.SuiteListener - Test Passed: verify_Get_Employees_By_Department_By_Giving_Invalid_Department

14:57:45.437 --> in.biencaps.erp.api.utilities.SuiteListener - Test Started: verify_Get_All_Employees_By_Designation_With_Authorization

14:57:46.434 --> in.biencaps.erp.api.utilities.SuiteListener - Test Passed: verify_Get_All_Employees_By_Designation_With_Authorization

14:57:46.437 --> in.biencaps.erp.api.utilities.SuiteListener - Test Started: verify_Get_All_Employees_By_Designation_By_Giving_Invalid_Designation

14:57:46.803 --> in.biencaps.erp.api.utilities.SuiteListener - Test Passed: verify_Get_All_Employees_By_Designation_By_Giving_Invalid_Designation

14:57:46.806 --> in.biencaps.erp.api.utilities.SuiteListener - Test Started: verify_Get_All_Assignee_With_Authorization_By_Giving_Valid_Role_Level

14:57:47.804 --> in.biencaps.erp.api.utilities.SuiteListener - Test Passed: verify_Get_All_Assignee_With_Authorization_By_Giving_Valid_Role_Level

14:57:47.806 --> in.biencaps.erp.api.utilities.SuiteListener - Test Started: verify_Get_Higher_Authority_With_Authorization

14:57:48.986 --> in.biencaps.erp.api.utilities.SuiteListener - Test Passed: verify_Get_Higher_Authority_With_Authorization

14:57:48.988 --> in.biencaps.erp.api.utilities.SuiteListener - Test Started: verify_Get_Higher_Authority_By_Giving_Invalid_Department

14:57:49.676 --> in.biencaps.erp.api.utilities.SuiteListener - Test Passed: verify_Get_Higher_Authority_By_Giving_Invalid_Department

14:57:49.680 --> in.biencaps.erp.api.utilities.SuiteListener - Test Started: verify_Add_Verification_Without_Authorization

14:57:50.047 --> in.biencaps.erp.api.utilities.SuiteListener - Test Passed: verify_Add_Verification_Without_Authorization

14:57:50.049 --> in.biencaps.erp.api.utilities.SuiteListener - Test Started: verify_Get_All_Verificationes_Without_Authorization

14:57:50.402 --> in.biencaps.erp.api.utilities.SuiteListener - Test Passed: verify_Get_All_Verificationes_Without_Authorization

14:57:50.404 --> in.biencaps.erp.api.utilities.SuiteListener - Test Started: verify_Update_Verification_Without_Authorization

14:57:51.135 --> in.biencaps.erp.api.utilities.SuiteListener - Test Passed: verify_Update_Verification_Without_Authorization

14:57:51.138 --> in.biencaps.erp.api.utilities.SuiteListener - Test Started: verify_Delete_Verification_Without_Authorization

14:57:51.485 --> in.biencaps.erp.api.utilities.SuiteListener - Test Passed: verify_Delete_Verification_Without_Authorization

14:57:51.487 --> in.biencaps.erp.api.utilities.SuiteListener - Test Started: verify_Get_All_Verificationes_With_Authorization

14:57:51.890 --> in.biencaps.erp.api.utilities.SuiteListener - Test Passed: verify_Get_All_Verificationes_With_Authorization

14:57:51.894 --> in.biencaps.erp.api.utilities.SuiteListener - Test Started: verify_Add_Employee_Without_Authorization

14:57:52.303 --> in.biencaps.erp.api.utilities.SuiteListener - Test Passed: verify_Add_Employee_Without_Authorization

14:57:52.305 --> in.biencaps.erp.api.utilities.SuiteListener - Test Started: verify_Get_Single_Employee_Without_Authorization

14:57:52.643 --> in.biencaps.erp.api.utilities.SuiteListener - Test Passed: verify_Get_Single_Employee_Without_Authorization

14:57:52.645 --> in.biencaps.erp.api.utilities.SuiteListener - Test Started: verify_Get_UserId_Without_Authorization

14:57:53.011 --> in.biencaps.erp.api.utilities.SuiteListener - Test Passed: verify_Get_UserId_Without_Authorization

14:57:53.013 --> in.biencaps.erp.api.utilities.SuiteListener - Test Started: verify_Get_All_Reporting_Authorities_Without_Authorization

14:57:53.370 --> in.biencaps.erp.api.utilities.SuiteListener - Test Passed: verify_Get_All_Reporting_Authorities_Without_Authorization

14:57:53.372 --> in.biencaps.erp.api.utilities.SuiteListener - Test Started: verify_Get_All_Assignees_Without_Authorization

14:57:53.768 --> in.biencaps.erp.api.utilities.SuiteListener - Test Passed: verify_Get_All_Assignees_Without_Authorization

14:57:53.770 --> in.biencaps.erp.api.utilities.SuiteListener - Test Started: verify_Get_All_Employees_Without_Authorization

14:57:54.123 --> in.biencaps.erp.api.utilities.SuiteListener - Test Passed: verify_Get_All_Employees_Without_Authorization

14:57:54.125 --> in.biencaps.erp.api.utilities.SuiteListener - Test Started: verify_Get_All_Active_Users_Info_Without_Authorization

14:57:54.491 --> in.biencaps.erp.api.utilities.SuiteListener - Test Passed: verify_Get_All_Active_Users_Info_Without_Authorization

14:57:54.493 --> in.biencaps.erp.api.utilities.SuiteListener - Test Started: verify_Get_All_Employees_Ids_And_Names_Without_Authorization

14:57:54.843 --> in.biencaps.erp.api.utilities.SuiteListener - Test Passed: verify_Get_All_Employees_Ids_And_Names_Without_Authorization

14:57:54.844 --> in.biencaps.erp.api.utilities.SuiteListener - Test Started: verify_Get_Assigned_Task_Info_By_Role_Without_Authorization

14:57:55.205 --> in.biencaps.erp.api.utilities.SuiteListener - Test Passed: verify_Get_Assigned_Task_Info_By_Role_Without_Authorization

14:57:55.207 --> in.biencaps.erp.api.utilities.SuiteListener - Test Started: verify_Get_Search_Employee_In_Level_Without_Authorization

14:57:55.604 --> in.biencaps.erp.api.utilities.SuiteListener - Test Passed: verify_Get_Search_Employee_In_Level_Without_Authorization

14:57:55.607 --> in.biencaps.erp.api.utilities.SuiteListener - Test Started: verify_Add_Token_For_Web_Without_Authorization

14:57:55.964 --> in.biencaps.erp.api.utilities.SuiteListener - Test Passed: verify_Add_Token_For_Web_Without_Authorization

14:57:55.966 --> in.biencaps.erp.api.utilities.SuiteListener - Test Started: verify_Add_Token_For_Mobile_Without_Authorization

14:57:56.320 --> in.biencaps.erp.api.utilities.SuiteListener - Test Passed: verify_Add_Token_For_Mobile_Without_Authorization

14:57:56.321 --> in.biencaps.erp.api.utilities.SuiteListener - Test Started: verify_Update_Employee_Without_Authorization

14:57:56.681 --> in.biencaps.erp.api.utilities.SuiteListener - Test Passed: verify_Update_Employee_Without_Authorization

14:57:56.682 --> in.biencaps.erp.api.utilities.SuiteListener - Test Started: verify_Update_Password_Without_Authorization

14:57:57.049 --> in.biencaps.erp.api.utilities.SuiteListener - Test Passed: verify_Update_Password_Without_Authorization

14:57:57.051 --> in.biencaps.erp.api.utilities.SuiteListener - Test Started: verify_Get_Task_Owners_Without_Authorization

14:57:57.404 --> in.biencaps.erp.api.utilities.SuiteListener - Test Passed: verify_Get_Task_Owners_Without_Authorization

14:57:57.413 --> in.biencaps.erp.api.utilities.SuiteListener - Test Started: verify_Get_All_Employee_With_Authorization

14:57:58.625 --> in.biencaps.erp.api.utilities.SuiteListener - Test Passed: verify_Get_All_Employee_With_Authorization

14:57:58.630 --> in.biencaps.erp.api.utilities.SuiteListener - Test Started: verify_Get_Single_Employee_With_Authorization

14:57:59.395 --> in.biencaps.erp.api.utilities.SuiteListener - Test Passed: verify_Get_Single_Employee_With_Authorization

14:57:59.397 --> in.biencaps.erp.api.utilities.SuiteListener - Test Started: verify_Get_Single_Employee_By_Giving_Invalid_UserId

14:57:59.771 --> in.biencaps.erp.api.utilities.SuiteListener - Test Passed: verify_Get_Single_Employee_By_Giving_Invalid_UserId

14:57:59.773 --> in.biencaps.erp.api.utilities.SuiteListener - Test Started: verify_Get_Task_Owners_With_Authorization

14:58:00.738 --> in.biencaps.erp.api.utilities.SuiteListener - Test Passed: verify_Get_Task_Owners_With_Authorization

14:58:00.743 --> in.biencaps.erp.api.utilities.SuiteListener - Test Started: verify_Get_User_Id_With_Authorization

14:58:01.779 --> in.biencaps.erp.api.utilities.SuiteListener - Test Passed: verify_Get_User_Id_With_Authorization

14:58:01.783 --> in.biencaps.erp.api.utilities.SuiteListener - Test Started: verify_Get_All_Employee_Id_And_Names_With_Authorization

14:58:03.222 --> in.biencaps.erp.api.utilities.SuiteListener - Test Passed: verify_Get_All_Employee_Id_And_Names_With_Authorization

14:58:03.224 --> in.biencaps.erp.api.utilities.SuiteListener - Test Started: verify_Get_Reporting_Authority_With_Authorization

14:58:04.337 --> in.biencaps.erp.api.utilities.SuiteListener - Test Passed: verify_Get_Reporting_Authority_With_Authorization

14:58:04.340 --> in.biencaps.erp.api.utilities.SuiteListener - Test Started: verify_Get_Reporting_Authority_By_Giving_Invalid_Department

14:58:05.188 --> in.biencaps.erp.api.utilities.SuiteListener - Test Passed: verify_Get_Reporting_Authority_By_Giving_Invalid_Department

14:58:05.190 --> in.biencaps.erp.api.utilities.SuiteListener - Test Started: verify_Get_All_Assignee_With_Authorization_By_Giving_Valid_Role_Level

14:58:06.296 --> in.biencaps.erp.api.utilities.SuiteListener - Test Passed: verify_Get_All_Assignee_With_Authorization_By_Giving_Valid_Role_Level

14:58:06.341 --> in.biencaps.erp.api.utilities.SuiteListener - Test Started: verify_Get_Assigned_Task_Info_By_Role_With_Authorization

14:58:07.551 --> in.biencaps.erp.api.utilities.SuiteListener - Test Passed: verify_Get_Assigned_Task_Info_By_Role_With_Authorization

14:58:07.555 --> in.biencaps.erp.api.utilities.SuiteListener - Test Started: verify_Get_Assigned_Task_Info_By_Role_With_Authorization

14:58:07.885 --> in.biencaps.erp.api.utilities.SuiteListener - Test Passed: verify_Get_Assigned_Task_Info_By_Role_With_Authorization

14:58:07.887 --> in.biencaps.erp.api.utilities.SuiteListener - Test Started: verify_Get_Assigned_Task_Info_By_Role_With_Authorization

14:58:08.249 --> in.biencaps.erp.api.utilities.SuiteListener - Test Passed: verify_Get_Assigned_Task_Info_By_Role_With_Authorization

14:58:08.251 --> in.biencaps.erp.api.utilities.SuiteListener - Test Started: verify_Get_Assigned_Task_Info_By_Role_With_Authorization

14:58:08.600 --> in.biencaps.erp.api.utilities.SuiteListener - Test Passed: verify_Get_Assigned_Task_Info_By_Role_With_Authorization

14:58:08.603 --> in.biencaps.erp.api.utilities.SuiteListener - Test Started: verify_Get_Encrypted_Email_With_Authorization

14:58:09.623 --> in.biencaps.erp.api.utilities.SuiteListener - Test Passed: verify_Get_Encrypted_Email_With_Authorization

14:58:09.626 --> in.biencaps.erp.api.utilities.SuiteListener - Test Started: verify_Get_Encrypted_Email_With_Authorization

14:58:10.026 --> in.biencaps.erp.api.utilities.SuiteListener - Test Passed: verify_Get_Encrypted_Email_With_Authorization

14:58:10.061 --> in.biencaps.erp.api.utilities.SuiteListener - Test Started: verify_Get_Search_Employee_In_Level_With_Authorization

14:58:10.440 --> in.biencaps.erp.api.utilities.SuiteListener - Test Passed: verify_Get_Search_Employee_In_Level_With_Authorization

14:58:10.444 --> in.biencaps.erp.api.utilities.SuiteListener - Test Started: verify_Get_Search_Employee_In_Level_With_Authorization

14:58:10.803 --> in.biencaps.erp.api.utilities.SuiteListener - Test Passed: verify_Get_Search_Employee_In_Level_With_Authorization

14:58:10.805 --> in.biencaps.erp.api.utilities.SuiteListener - Test Started: verify_Get_Search_Employee_In_Level_With_Authorization

14:58:11.171 --> in.biencaps.erp.api.utilities.SuiteListener - Test Passed: verify_Get_Search_Employee_In_Level_With_Authorization

14:58:11.174 --> in.biencaps.erp.api.utilities.SuiteListener - Test Started: verify_Get_Search_Employee_In_Level_With_Authorization

14:58:11.517 --> in.biencaps.erp.api.utilities.SuiteListener - Test Passed: verify_Get_Search_Employee_In_Level_With_Authorization

14:58:11.520 --> in.biencaps.erp.api.utilities.SuiteListener - Test Started: verify_Get_Search_Employee_In_Level_With_Authorization

14:58:11.883 --> in.biencaps.erp.api.utilities.SuiteListener - Test Passed: verify_Get_Search_Employee_In_Level_With_Authorization

14:58:11.887 --> in.biencaps.erp.api.utilities.SuiteListener - Test Started: verify_Get_Search_Employee_In_Level_With_Authorization

14:58:12.246 --> in.biencaps.erp.api.utilities.SuiteListener - Test Passed: verify_Get_Search_Employee_In_Level_With_Authorization

14:58:12.251 --> in.biencaps.erp.api.utilities.SuiteListener - Test Started: verify_Add_Token_For_Web_With_Authorization

14:58:12.602 --> in.biencaps.erp.api.utilities.SuiteListener - Test Passed: verify_Add_Token_For_Web_With_Authorization

14:58:12.604 --> in.biencaps.erp.api.utilities.SuiteListener - Test Started: verify_Add_Token_For_Web_With_Authorization

14:58:12.973 --> in.biencaps.erp.api.utilities.SuiteListener - Test Passed: verify_Add_Token_For_Web_With_Authorization

14:58:12.975 --> in.biencaps.erp.api.utilities.SuiteListener - Test Started: verify_Add_Token_For_Web_With_Authorization

14:58:13.320 --> in.biencaps.erp.api.utilities.SuiteListener - Test Passed: verify_Add_Token_For_Web_With_Authorization

14:58:13.322 --> in.biencaps.erp.api.utilities.SuiteListener - Test Started: verify_Add_Token_For_Mobile_With_Authorization

14:58:13.651 --> in.biencaps.erp.api.utilities.SuiteListener - Test Passed: verify_Add_Token_For_Mobile_With_Authorization

14:58:13.654 --> in.biencaps.erp.api.utilities.SuiteListener - Test Started: verify_Add_Token_For_Mobile_With_Authorization

14:58:14.006 --> in.biencaps.erp.api.utilities.SuiteListener - Test Passed: verify_Add_Token_For_Mobile_With_Authorization

14:58:14.008 --> in.biencaps.erp.api.utilities.SuiteListener - Test Started: verify_Add_Token_For_Mobile_With_Authorization

14:58:14.365 --> in.biencaps.erp.api.utilities.SuiteListener - Test Passed: verify_Add_Token_For_Mobile_With_Authorization

14:58:14.369 --> in.biencaps.erp.api.utilities.SuiteListener - Test Started: verify_Add_Project_Without_Authorization

14:58:14.734 --> in.biencaps.erp.api.utilities.SuiteListener - Test Passed: verify_Add_Project_Without_Authorization

14:58:14.736 --> in.biencaps.erp.api.utilities.SuiteListener - Test Started: verify_Get_All_Projects_Without_Authorization

14:58:15.090 --> in.biencaps.erp.api.utilities.SuiteListener - Test Passed: verify_Get_All_Projects_Without_Authorization

14:58:15.094 --> in.biencaps.erp.api.utilities.SuiteListener - Test Started: verify_Get_All_Projects_For_An_User_Id_Without_Authorization

14:58:15.418 --> in.biencaps.erp.api.utilities.SuiteListener - Test Passed: verify_Get_All_Projects_For_An_User_Id_Without_Authorization

14:58:15.421 --> in.biencaps.erp.api.utilities.SuiteListener - Test Started: verify_Get_All_Projects_Assignee_Without_Authorization

14:58:15.775 --> in.biencaps.erp.api.utilities.SuiteListener - Test Passed: verify_Get_All_Projects_Assignee_Without_Authorization

14:58:15.778 --> in.biencaps.erp.api.utilities.SuiteListener - Test Started: verify_Get_All_Project_Managers_Without_Authorization

14:58:16.127 --> in.biencaps.erp.api.utilities.SuiteListener - Test Passed: verify_Get_All_Project_Managers_Without_Authorization

14:58:16.129 --> in.biencaps.erp.api.utilities.SuiteListener - Test Started: verify_Get_All_Project_Status_Without_Authorization

14:58:16.488 --> in.biencaps.erp.api.utilities.SuiteListener - Test Passed: verify_Get_All_Project_Status_Without_Authorization

14:58:16.489 --> in.biencaps.erp.api.utilities.SuiteListener - Test Started: verify_Get_All_Project_By_Department_Without_Authorization

14:58:16.853 --> in.biencaps.erp.api.utilities.SuiteListener - Test Passed: verify_Get_All_Project_By_Department_Without_Authorization

14:58:16.856 --> in.biencaps.erp.api.utilities.SuiteListener - Test Started: verify_Get_Single_Project_By_Project_Id_Without_Authorization

14:58:17.173 --> in.biencaps.erp.api.utilities.SuiteListener - Test Passed: verify_Get_Single_Project_By_Project_Id_Without_Authorization

14:58:17.175 --> in.biencaps.erp.api.utilities.SuiteListener - Test Started: verify_Get_All_Tasks_For_Project_Without_Authorization

14:58:17.537 --> in.biencaps.erp.api.utilities.SuiteListener - Test Passed: verify_Get_All_Tasks_For_Project_Without_Authorization

14:58:17.539 --> in.biencaps.erp.api.utilities.SuiteListener - Test Started: verify_Get_All_Projects_With_Authorization

14:58:19.381 --> in.biencaps.erp.api.utilities.SuiteListener - Test Passed: verify_Get_All_Projects_With_Authorization

14:58:19.382 --> in.biencaps.erp.api.utilities.SuiteListener - Test Started: verify_Get_All_Tasks_For_Project_Search_Without_Authorization

14:58:19.735 --> in.biencaps.erp.api.utilities.SuiteListener - Test Passed: verify_Get_All_Tasks_For_Project_Search_Without_Authorization

14:58:19.737 --> in.biencaps.erp.api.utilities.SuiteListener - Test Started: verify_Update_Project_Without_Authorization

14:58:20.095 --> in.biencaps.erp.api.utilities.SuiteListener - Test Passed: verify_Update_Project_Without_Authorization

14:58:20.097 --> in.biencaps.erp.api.utilities.SuiteListener - Test Started: verify_Delete_Project_Without_Authorization

14:58:20.449 --> in.biencaps.erp.api.utilities.SuiteListener - Test Passed: verify_Delete_Project_Without_Authorization

14:58:20.453 --> in.biencaps.erp.api.utilities.SuiteListener - Test Started: verify_Get_All_Projects_For_An_User_Id_With_Authorization

14:58:21.941 --> in.biencaps.erp.api.utilities.SuiteListener - Test Passed: verify_Get_All_Projects_For_An_User_Id_With_Authorization

14:58:21.943 --> in.biencaps.erp.api.utilities.SuiteListener - Test Started: verify_Get_All_Projects_For_An_User_Id_With_Authorization

14:58:22.332 --> in.biencaps.erp.api.utilities.SuiteListener - Test Passed: verify_Get_All_Projects_For_An_User_Id_With_Authorization

14:58:22.334 --> in.biencaps.erp.api.utilities.SuiteListener - Test Started: verify_Get_All_Project_Managers_WithAuthorization

14:58:23.347 --> in.biencaps.erp.api.utilities.SuiteListener - Test Passed: verify_Get_All_Project_Managers_WithAuthorization

14:58:23.349 --> in.biencaps.erp.api.utilities.SuiteListener - Test Started: verify_Get_All_Project_Status_With_Authorization

14:58:23.749 --> in.biencaps.erp.api.utilities.SuiteListener - Test Passed: verify_Get_All_Project_Status_With_Authorization

14:58:23.752 --> in.biencaps.erp.api.utilities.SuiteListener - Test Started: verify_Get_All_Project_By_Department_With_Authorization

14:58:25.149 --> in.biencaps.erp.api.utilities.SuiteListener - Test Passed: verify_Get_All_Project_By_Department_With_Authorization

14:58:25.152 --> in.biencaps.erp.api.utilities.SuiteListener - Test Started: verify_Get_All_Project_By_Department_With_Authorization

14:58:25.517 --> in.biencaps.erp.api.utilities.SuiteListener - Test Passed: verify_Get_All_Project_By_Department_With_Authorization

14:58:25.524 --> in.biencaps.erp.api.utilities.SuiteListener - Test Started: verify_Add_Project_With_Authorization

14:58:28.249 --> in.biencaps.erp.api.utilities.SuiteListener - Test Passed: verify_Add_Project_With_Authorization

14:58:28.251 --> in.biencaps.erp.api.utilities.SuiteListener - Test Started: verify_Add_Project_With_Authorization

14:58:29.166 --> in.biencaps.erp.api.utilities.SuiteListener - Test Passed: verify_Add_Project_With_Authorization

14:58:29.167 --> in.biencaps.erp.api.utilities.SuiteListener - Test Started: verify_Add_Project_With_Authorization

14:58:30.124 --> in.biencaps.erp.api.utilities.SuiteListener - Test Passed: verify_Add_Project_With_Authorization

14:58:30.127 --> in.biencaps.erp.api.utilities.SuiteListener - Test Started: verify_Add_Project_With_Authorization

14:58:30.931 --> in.biencaps.erp.api.utilities.SuiteListener - Test Failed: verify_Add_Project_With_Authorization

14:58:30.934 --> in.biencaps.erp.api.utilities.SuiteListener - Test Started: verify_Add_Project_With_Authorization

14:58:31.887 --> in.biencaps.erp.api.utilities.SuiteListener - Test Passed: verify_Add_Project_With_Authorization

14:58:31.890 --> in.biencaps.erp.api.utilities.SuiteListener - Test Started: verify_Add_Project_With_Authorization

14:58:32.663 --> in.biencaps.erp.api.utilities.SuiteListener - Test Failed: verify_Add_Project_With_Authorization

14:58:32.667 --> in.biencaps.erp.api.utilities.SuiteListener - Test Started: verify_Add_Project_With_Authorization

14:58:33.489 --> in.biencaps.erp.api.utilities.SuiteListener - Test Passed: verify_Add_Project_With_Authorization

14:58:33.491 --> in.biencaps.erp.api.utilities.SuiteListener - Test Started: verify_Add_Project_With_Authorization

14:58:34.287 --> in.biencaps.erp.api.utilities.SuiteListener - Test Passed: verify_Add_Project_With_Authorization

14:58:34.289 --> in.biencaps.erp.api.utilities.SuiteListener - Test Started: verify_Add_Project_With_Authorization

14:58:35.223 --> in.biencaps.erp.api.utilities.SuiteListener - Test Failed: verify_Add_Project_With_Authorization

14:58:35.229 --> in.biencaps.erp.api.utilities.SuiteListener - Test Started: verify_Add_Project_With_Authorization

14:58:36.192 --> in.biencaps.erp.api.utilities.SuiteListener - Test Passed: verify_Add_Project_With_Authorization

14:58:36.195 --> in.biencaps.erp.api.utilities.SuiteListener - Test Started: verify_Add_Project_With_Authorization

14:58:37.142 --> in.biencaps.erp.api.utilities.SuiteListener - Test Failed: verify_Add_Project_With_Authorization

14:58:37.147 --> in.biencaps.erp.api.utilities.SuiteListener - Test Started: verify_Add_Project_With_Authorization

14:58:37.961 --> in.biencaps.erp.api.utilities.SuiteListener - Test Passed: verify_Add_Project_With_Authorization

14:58:37.963 --> in.biencaps.erp.api.utilities.SuiteListener - Test Started: verify_Add_Project_With_Authorization

14:58:38.763 --> in.biencaps.erp.api.utilities.SuiteListener - Test Passed: verify_Add_Project_With_Authorization

14:58:38.769 --> in.biencaps.erp.api.utilities.SuiteListener - Test Started: verify_Add_Project_With_Authorization

14:58:39.724 --> in.biencaps.erp.api.utilities.SuiteListener - Test Passed: verify_Add_Project_With_Authorization

14:58:39.725 --> in.biencaps.erp.api.utilities.SuiteListener - Test Started: verify_Add_Project_With_Authorization

14:58:40.689 --> in.biencaps.erp.api.utilities.SuiteListener - Test Passed: verify_Add_Project_With_Authorization

14:58:40.691 --> in.biencaps.erp.api.utilities.SuiteListener - Test Started: verify_Get_All_Tasks_For_Project_With_Authorization

14:58:42.585 --> in.biencaps.erp.api.utilities.SuiteListener - Test Passed: verify_Get_All_Tasks_For_Project_With_Authorization

14:58:42.588 --> in.biencaps.erp.api.utilities.SuiteListener - Test Started: verify_Get_All_Tasks_For_Project_With_Authorization

14:58:43.568 --> in.biencaps.erp.api.utilities.SuiteListener - Test Passed: verify_Get_All_Tasks_For_Project_With_Authorization

14:58:43.570 --> in.biencaps.erp.api.utilities.SuiteListener - Test Started: verify_Update_Project_With_Authorization

14:58:44.338 --> in.biencaps.erp.api.utilities.SuiteListener - Test Failed: verify_Update_Project_With_Authorization

14:58:44.343 --> in.biencaps.erp.api.utilities.SuiteListener - Test Started: verify_Update_Project_With_Authorization

14:58:45.142 --> in.biencaps.erp.api.utilities.SuiteListener - Test Failed: verify_Update_Project_With_Authorization

14:58:45.146 --> in.biencaps.erp.api.utilities.SuiteListener - Test Started: verify_Update_Project_With_Authorization

14:58:45.939 --> in.biencaps.erp.api.utilities.SuiteListener - Test Failed: verify_Update_Project_With_Authorization

14:58:45.944 --> in.biencaps.erp.api.utilities.SuiteListener - Test Started: verify_Update_Project_With_Authorization

14:58:46.740 --> in.biencaps.erp.api.utilities.SuiteListener - Test Failed: verify_Update_Project_With_Authorization

14:58:46.744 --> in.biencaps.erp.api.utilities.SuiteListener - Test Started: verify_Update_Project_With_Authorization

14:58:47.704 --> in.biencaps.erp.api.utilities.SuiteListener - Test Failed: verify_Update_Project_With_Authorization

14:58:47.708 --> in.biencaps.erp.api.utilities.SuiteListener - Test Started: verify_Update_Project_With_Authorization

14:58:48.829 --> in.biencaps.erp.api.utilities.SuiteListener - Test Failed: verify_Update_Project_With_Authorization

14:58:48.834 --> in.biencaps.erp.api.utilities.SuiteListener - Test Started: verify_Update_Project_With_Authorization

14:58:49.813 --> in.biencaps.erp.api.utilities.SuiteListener - Test Failed: verify_Update_Project_With_Authorization

14:58:49.818 --> in.biencaps.erp.api.utilities.SuiteListener - Test Started: verify_Update_Project_With_Authorization

14:58:50.903 --> in.biencaps.erp.api.utilities.SuiteListener - Test Failed: verify_Update_Project_With_Authorization

14:58:50.907 --> in.biencaps.erp.api.utilities.SuiteListener - Test Started: verify_Update_Project_With_Authorization

14:58:51.707 --> in.biencaps.erp.api.utilities.SuiteListener - Test Failed: verify_Update_Project_With_Authorization

14:58:51.709 --> in.biencaps.erp.api.utilities.SuiteListener - Test Started: verify_Update_Project_With_Authorization

14:58:52.499 --> in.biencaps.erp.api.utilities.SuiteListener - Test Failed: verify_Update_Project_With_Authorization

14:58:52.502 --> in.biencaps.erp.api.utilities.SuiteListener - Test Started: verify_Update_Project_With_Authorization

14:58:53.309 --> in.biencaps.erp.api.utilities.SuiteListener - Test Failed: verify_Update_Project_With_Authorization

14:58:53.313 --> in.biencaps.erp.api.utilities.SuiteListener - Test Started: verify_Update_Project_With_Authorization

14:58:54.257 --> in.biencaps.erp.api.utilities.SuiteListener - Test Failed: verify_Update_Project_With_Authorization

14:58:54.262 --> in.biencaps.erp.api.utilities.SuiteListener - Test Started: verify_Update_Project_With_Authorization

14:58:55.128 --> in.biencaps.erp.api.utilities.SuiteListener - Test Failed: verify_Update_Project_With_Authorization

14:58:55.133 --> in.biencaps.erp.api.utilities.SuiteListener - Test Started: verify_Update_Project_With_Authorization

14:58:56.023 --> in.biencaps.erp.api.utilities.SuiteListener - Test Failed: verify_Update_Project_With_Authorization

14:58:56.026 --> in.biencaps.erp.api.utilities.SuiteListener - Test Started: verify_Update_Project_With_Authorization

14:58:56.825 --> in.biencaps.erp.api.utilities.SuiteListener - Test Failed: verify_Update_Project_With_Authorization

14:58:56.829 --> in.biencaps.erp.api.utilities.SuiteListener - Test Started: verify_Update_Project_With_Authorization

14:58:57.622 --> in.biencaps.erp.api.utilities.SuiteListener - Test Failed: verify_Update_Project_With_Authorization

14:58:57.626 --> in.biencaps.erp.api.utilities.SuiteListener - Test Started: verify_Delete_Project_With_Authorization

14:59:01.456 --> in.biencaps.erp.api.utilities.SuiteListener - Test Passed: verify_Delete_Project_With_Authorization

14:59:01.458 --> in.biencaps.erp.api.utilities.SuiteListener - Test Started: verify_Delete_Project_With_Authorization

14:59:03.081 --> in.biencaps.erp.api.utilities.SuiteListener - Test Passed: verify_Delete_Project_With_Authorization

14:59:03.082 --> in.biencaps.erp.api.utilities.SuiteListener - Test Started: verify_Delete_Project_With_Authorization

14:59:04.022 --> in.biencaps.erp.api.utilities.SuiteListener - Test Failed: verify_Delete_Project_With_Authorization

14:59:04.025 --> in.biencaps.erp.api.utilities.SuiteListener - Test Started: verify_Delete_Project_With_Authorization

14:59:05.388 --> in.biencaps.erp.api.utilities.SuiteListener - Test Failed: verify_Delete_Project_With_Authorization

14:59:05.399 --> in.biencaps.erp.api.utilities.SuiteListener - Test Started: verify_Delete_Project_With_Authorization

14:59:06.175 --> in.biencaps.erp.api.utilities.SuiteListener - Test Passed: verify_Delete_Project_With_Authorization

